<?xml version="1.0" encoding="UTF-8"?>
<testsuite name="jpabook.jpashop.JpashopApplicationTests" tests="1" skipped="0" failures="0" errors="0" timestamp="2020-06-15T03:10:35" hostname="Tedys-MacBook-Pro.local" time="0.106">
  <properties/>
  <testcase name="contextLoads()" classname="jpabook.jpashop.JpashopApplicationTests" time="0.106"/>
  <system-out><![CDATA[12:10:31.217 [Test worker] DEBUG org.springframework.test.context.BootstrapUtils - Instantiating CacheAwareContextLoaderDelegate from class [org.springframework.test.context.cache.DefaultCacheAwareContextLoaderDelegate]
12:10:31.235 [Test worker] DEBUG org.springframework.test.context.BootstrapUtils - Instantiating BootstrapContext using constructor [public org.springframework.test.context.support.DefaultBootstrapContext(java.lang.Class,org.springframework.test.context.CacheAwareContextLoaderDelegate)]
12:10:31.270 [Test worker] DEBUG org.springframework.test.context.BootstrapUtils - Instantiating TestContextBootstrapper for test class [jpabook.jpashop.JpashopApplicationTests] from class [org.springframework.boot.test.context.SpringBootTestContextBootstrapper]
12:10:31.294 [Test worker] INFO org.springframework.boot.test.context.SpringBootTestContextBootstrapper - Neither @ContextConfiguration nor @ContextHierarchy found for test class [jpabook.jpashop.JpashopApplicationTests], using SpringBootContextLoader
12:10:31.300 [Test worker] DEBUG org.springframework.test.context.support.AbstractContextLoader - Did not detect default resource location for test class [jpabook.jpashop.JpashopApplicationTests]: class path resource [jpabook/jpashop/JpashopApplicationTests-context.xml] does not exist
12:10:31.300 [Test worker] DEBUG org.springframework.test.context.support.AbstractContextLoader - Did not detect default resource location for test class [jpabook.jpashop.JpashopApplicationTests]: class path resource [jpabook/jpashop/JpashopApplicationTestsContext.groovy] does not exist
12:10:31.301 [Test worker] INFO org.springframework.test.context.support.AbstractContextLoader - Could not detect default resource locations for test class [jpabook.jpashop.JpashopApplicationTests]: no resource found for suffixes {-context.xml, Context.groovy}.
12:10:31.302 [Test worker] INFO org.springframework.test.context.support.AnnotationConfigContextLoaderUtils - Could not detect default configuration classes for test class [jpabook.jpashop.JpashopApplicationTests]: JpashopApplicationTests does not declare any static, non-private, non-final, nested classes annotated with @Configuration.
12:10:31.356 [Test worker] DEBUG org.springframework.test.context.support.ActiveProfilesUtils - Could not find an 'annotation declaring class' for annotation type [org.springframework.test.context.ActiveProfiles] and class [jpabook.jpashop.JpashopApplicationTests]
12:10:31.452 [Test worker] DEBUG org.springframework.context.annotation.ClassPathScanningCandidateComponentProvider - Identified candidate component class: file [/Users/r2v/tedy/jpashop/build/classes/java/main/jpabook/jpashop/JapshopApplication.class]
12:10:31.453 [Test worker] INFO org.springframework.boot.test.context.SpringBootTestContextBootstrapper - Found @SpringBootConfiguration jpabook.jpashop.JapshopApplication for test class jpabook.jpashop.JpashopApplicationTests
12:10:31.565 [Test worker] DEBUG org.springframework.boot.test.context.SpringBootTestContextBootstrapper - @TestExecutionListeners is not present for class [jpabook.jpashop.JpashopApplicationTests]: using defaults.
12:10:31.566 [Test worker] INFO org.springframework.boot.test.context.SpringBootTestContextBootstrapper - Loaded default TestExecutionListener class names from location [META-INF/spring.factories]: [org.springframework.boot.test.autoconfigure.restdocs.RestDocsTestExecutionListener, org.springframework.boot.test.autoconfigure.web.client.MockRestServiceServerResetTestExecutionListener, org.springframework.boot.test.autoconfigure.web.servlet.MockMvcPrintOnlyOnFailureTestExecutionListener, org.springframework.boot.test.autoconfigure.web.servlet.WebDriverTestExecutionListener, org.springframework.boot.test.autoconfigure.webservices.client.MockWebServiceServerTestExecutionListener, org.springframework.boot.test.mock.mockito.MockitoTestExecutionListener, org.springframework.boot.test.mock.mockito.ResetMocksTestExecutionListener, org.springframework.test.context.web.ServletTestExecutionListener, org.springframework.test.context.support.DirtiesContextBeforeModesTestExecutionListener, org.springframework.test.context.support.DependencyInjectionTestExecutionListener, org.springframework.test.context.support.DirtiesContextTestExecutionListener, org.springframework.test.context.transaction.TransactionalTestExecutionListener, org.springframework.test.context.jdbc.SqlScriptsTestExecutionListener, org.springframework.test.context.event.EventPublishingTestExecutionListener]
12:10:31.593 [Test worker] INFO org.springframework.boot.test.context.SpringBootTestContextBootstrapper - Using TestExecutionListeners: [org.springframework.test.context.web.ServletTestExecutionListener@74201fe6, org.springframework.test.context.support.DirtiesContextBeforeModesTestExecutionListener@3aac8f3a, org.springframework.boot.test.mock.mockito.MockitoTestExecutionListener@2fb6d6a, org.springframework.boot.test.autoconfigure.SpringBootDependencyInjectionTestExecutionListener@71dd8f6c, org.springframework.test.context.support.DirtiesContextTestExecutionListener@576619e, org.springframework.test.context.transaction.TransactionalTestExecutionListener@5bfdfb55, org.springframework.test.context.jdbc.SqlScriptsTestExecutionListener@2344d7d, org.springframework.test.context.event.EventPublishingTestExecutionListener@1f8f14b8, org.springframework.boot.test.autoconfigure.restdocs.RestDocsTestExecutionListener@29c3ec46, org.springframework.boot.test.autoconfigure.web.client.MockRestServiceServerResetTestExecutionListener@1dd08d78, org.springframework.boot.test.autoconfigure.web.servlet.MockMvcPrintOnlyOnFailureTestExecutionListener@3daf641a, org.springframework.boot.test.autoconfigure.web.servlet.WebDriverTestExecutionListener@5a628dc3, org.springframework.boot.test.autoconfigure.webservices.client.MockWebServiceServerTestExecutionListener@6c75fb15, org.springframework.boot.test.mock.mockito.ResetMocksTestExecutionListener@75d710ae]
12:10:31.597 [Test worker] DEBUG org.springframework.test.context.support.AbstractDirtiesContextTestExecutionListener - Before test class: context [DefaultTestContext@1685c72f testClass = JpashopApplicationTests, testInstance = [null], testMethod = [null], testException = [null], mergedContextConfiguration = [WebMergedContextConfiguration@384d70a9 testClass = JpashopApplicationTests, locations = '{}', classes = '{class jpabook.jpashop.JapshopApplication}', contextInitializerClasses = '[]', activeProfiles = '{}', propertySourceLocations = '{}', propertySourceProperties = '{org.springframework.boot.test.context.SpringBootTestContextBootstrapper=true}', contextCustomizers = set[org.springframework.boot.test.autoconfigure.properties.PropertyMappingContextCustomizer@0, org.springframework.boot.test.autoconfigure.web.servlet.WebDriverContextCustomizerFactory$Customizer@61602098, org.springframework.boot.test.context.filter.ExcludeFilterContextCustomizer@4526092b, org.springframework.boot.test.json.DuplicateJsonObjectContextCustomizerFactory$DuplicateJsonObjectContextCustomizer@6396d12f, org.springframework.boot.test.mock.mockito.MockitoContextCustomizer@0, org.springframework.boot.test.web.client.TestRestTemplateContextCustomizer@79128165, org.springframework.boot.test.context.SpringBootTestArgs@1], resourceBasePath = 'src/main/webapp', contextLoader = 'org.springframework.boot.test.context.SpringBootContextLoader', parent = [null]], attributes = map['org.springframework.test.context.web.ServletTestExecutionListener.activateListener' -> true]], class annotated with @DirtiesContext [false] with mode [null].
12:10:31.631 [Test worker] DEBUG org.springframework.test.context.support.TestPropertySourceUtils - Adding inlined properties to environment: {spring.jmx.enabled=false, org.springframework.boot.test.context.SpringBootTestContextBootstrapper=true}

  .   ____          _            __ _ _
 /\\ / ___'_ __ _ _(_)_ __  __ _ \ \ \ \
( ( )\___ | '_ | '_| | '_ \/ _` | \ \ \ \
 \\/  ___)| |_)| | | | | || (_| |  ) ) ) )
  '  |____| .__|_| |_|_| |_\__, | / / / /
 =========|_|==============|___/=/_/_/_/
 :: Spring Boot ::        (v2.3.1.RELEASE)

2020-06-15 12:10:32.001  INFO 50475 --- [    Test worker] jpabook.jpashop.JpashopApplicationTests  : Starting JpashopApplicationTests on ip-172-16-10-52.ap-southeast-1.compute.internal with PID 50475 (started by r2v in /Users/r2v/tedy/jpashop)
2020-06-15 12:10:32.003  INFO 50475 --- [    Test worker] jpabook.jpashop.JpashopApplicationTests  : No active profile set, falling back to default profiles: default
2020-06-15 12:10:32.742  INFO 50475 --- [    Test worker] .s.d.r.c.RepositoryConfigurationDelegate : Bootstrapping Spring Data JPA repositories in DEFERRED mode.
2020-06-15 12:10:32.773  INFO 50475 --- [    Test worker] .s.d.r.c.RepositoryConfigurationDelegate : Finished Spring Data repository scanning in 19ms. Found 0 JPA repository interfaces.
2020-06-15 12:10:33.575  INFO 50475 --- [    Test worker] o.s.s.concurrent.ThreadPoolTaskExecutor  : Initializing ExecutorService 'applicationTaskExecutor'
2020-06-15 12:10:33.593  INFO 50475 --- [    Test worker] com.zaxxer.hikari.HikariDataSource       : HikariPool-1 - Starting...
2020-06-15 12:10:33.927  INFO 50475 --- [    Test worker] com.zaxxer.hikari.HikariDataSource       : HikariPool-1 - Start completed.
2020-06-15 12:10:34.054  INFO 50475 --- [         task-1] o.hibernate.jpa.internal.util.LogHelper  : HHH000204: Processing PersistenceUnitInfo [name: default]
2020-06-15 12:10:34.144  INFO 50475 --- [         task-1] org.hibernate.Version                    : HHH000412: Hibernate ORM core version 5.4.17.Final
2020-06-15 12:10:34.407  INFO 50475 --- [         task-1] o.hibernate.annotations.common.Version   : HCANN000001: Hibernate Commons Annotations {5.1.0.Final}
2020-06-15 12:10:34.416  WARN 50475 --- [    Test worker] JpaBaseConfiguration$JpaWebConfiguration : spring.jpa.open-in-view is enabled by default. Therefore, database queries may be performed during view rendering. Explicitly configure spring.jpa.open-in-view to disable this warning
2020-06-15 12:10:34.457 DEBUG 50475 --- [         task-1] org.hibernate.type.BasicTypeRegistry     : Adding type registration boolean -> org.hibernate.type.BooleanType@4e54445f
2020-06-15 12:10:34.457 DEBUG 50475 --- [         task-1] org.hibernate.type.BasicTypeRegistry     : Adding type registration boolean -> org.hibernate.type.BooleanType@4e54445f
2020-06-15 12:10:34.457 DEBUG 50475 --- [         task-1] org.hibernate.type.BasicTypeRegistry     : Adding type registration java.lang.Boolean -> org.hibernate.type.BooleanType@4e54445f
2020-06-15 12:10:34.458 DEBUG 50475 --- [         task-1] org.hibernate.type.BasicTypeRegistry     : Adding type registration numeric_boolean -> org.hibernate.type.NumericBooleanType@61eb5a53
2020-06-15 12:10:34.459 DEBUG 50475 --- [         task-1] org.hibernate.type.BasicTypeRegistry     : Adding type registration true_false -> org.hibernate.type.TrueFalseType@67cbe08a
2020-06-15 12:10:34.460 DEBUG 50475 --- [         task-1] org.hibernate.type.BasicTypeRegistry     : Adding type registration yes_no -> org.hibernate.type.YesNoType@39edddb5
2020-06-15 12:10:34.462 DEBUG 50475 --- [         task-1] org.hibernate.type.BasicTypeRegistry     : Adding type registration byte -> org.hibernate.type.ByteType@244bf399
2020-06-15 12:10:34.462 DEBUG 50475 --- [         task-1] org.hibernate.type.BasicTypeRegistry     : Adding type registration byte -> org.hibernate.type.ByteType@244bf399
2020-06-15 12:10:34.462 DEBUG 50475 --- [         task-1] org.hibernate.type.BasicTypeRegistry     : Adding type registration java.lang.Byte -> org.hibernate.type.ByteType@244bf399
2020-06-15 12:10:34.464 DEBUG 50475 --- [         task-1] org.hibernate.type.BasicTypeRegistry     : Adding type registration character -> org.hibernate.type.CharacterType@d333cd3
2020-06-15 12:10:34.464 DEBUG 50475 --- [         task-1] org.hibernate.type.BasicTypeRegistry     : Adding type registration char -> org.hibernate.type.CharacterType@d333cd3
2020-06-15 12:10:34.465 DEBUG 50475 --- [         task-1] org.hibernate.type.BasicTypeRegistry     : Adding type registration java.lang.Character -> org.hibernate.type.CharacterType@d333cd3
2020-06-15 12:10:34.466 DEBUG 50475 --- [         task-1] org.hibernate.type.BasicTypeRegistry     : Adding type registration short -> org.hibernate.type.ShortType@47057e26
2020-06-15 12:10:34.467 DEBUG 50475 --- [         task-1] org.hibernate.type.BasicTypeRegistry     : Adding type registration short -> org.hibernate.type.ShortType@47057e26
2020-06-15 12:10:34.467 DEBUG 50475 --- [         task-1] org.hibernate.type.BasicTypeRegistry     : Adding type registration java.lang.Short -> org.hibernate.type.ShortType@47057e26
2020-06-15 12:10:34.469 DEBUG 50475 --- [         task-1] org.hibernate.type.BasicTypeRegistry     : Adding type registration integer -> org.hibernate.type.IntegerType@2872e877
2020-06-15 12:10:34.469 DEBUG 50475 --- [         task-1] org.hibernate.type.BasicTypeRegistry     : Adding type registration int -> org.hibernate.type.IntegerType@2872e877
2020-06-15 12:10:34.469 DEBUG 50475 --- [         task-1] org.hibernate.type.BasicTypeRegistry     : Adding type registration java.lang.Integer -> org.hibernate.type.IntegerType@2872e877
2020-06-15 12:10:34.471 DEBUG 50475 --- [         task-1] org.hibernate.type.BasicTypeRegistry     : Adding type registration long -> org.hibernate.type.LongType@737442f0
2020-06-15 12:10:34.472 DEBUG 50475 --- [         task-1] org.hibernate.type.BasicTypeRegistry     : Adding type registration long -> org.hibernate.type.LongType@737442f0
2020-06-15 12:10:34.473 DEBUG 50475 --- [         task-1] org.hibernate.type.BasicTypeRegistry     : Adding type registration java.lang.Long -> org.hibernate.type.LongType@737442f0
2020-06-15 12:10:34.474 DEBUG 50475 --- [         task-1] org.hibernate.type.BasicTypeRegistry     : Adding type registration float -> org.hibernate.type.FloatType@449f7f17
2020-06-15 12:10:34.475 DEBUG 50475 --- [         task-1] org.hibernate.type.BasicTypeRegistry     : Adding type registration float -> org.hibernate.type.FloatType@449f7f17
2020-06-15 12:10:34.475 DEBUG 50475 --- [         task-1] org.hibernate.type.BasicTypeRegistry     : Adding type registration java.lang.Float -> org.hibernate.type.FloatType@449f7f17
2020-06-15 12:10:34.477 DEBUG 50475 --- [         task-1] org.hibernate.type.BasicTypeRegistry     : Adding type registration double -> org.hibernate.type.DoubleType@2aca96b7
2020-06-15 12:10:34.477 DEBUG 50475 --- [         task-1] org.hibernate.type.BasicTypeRegistry     : Adding type registration double -> org.hibernate.type.DoubleType@2aca96b7
2020-06-15 12:10:34.478 DEBUG 50475 --- [         task-1] org.hibernate.type.BasicTypeRegistry     : Adding type registration java.lang.Double -> org.hibernate.type.DoubleType@2aca96b7
2020-06-15 12:10:34.479 DEBUG 50475 --- [         task-1] org.hibernate.type.BasicTypeRegistry     : Adding type registration big_decimal -> org.hibernate.type.BigDecimalType@4844af6f
2020-06-15 12:10:34.480 DEBUG 50475 --- [         task-1] org.hibernate.type.BasicTypeRegistry     : Adding type registration java.math.BigDecimal -> org.hibernate.type.BigDecimalType@4844af6f
2020-06-15 12:10:34.482 DEBUG 50475 --- [         task-1] org.hibernate.type.BasicTypeRegistry     : Adding type registration big_integer -> org.hibernate.type.BigIntegerType@163f5c93
2020-06-15 12:10:34.483 DEBUG 50475 --- [         task-1] org.hibernate.type.BasicTypeRegistry     : Adding type registration java.math.BigInteger -> org.hibernate.type.BigIntegerType@163f5c93
2020-06-15 12:10:34.484 DEBUG 50475 --- [         task-1] org.hibernate.type.BasicTypeRegistry     : Adding type registration string -> org.hibernate.type.StringType@6107c075
2020-06-15 12:10:34.485 DEBUG 50475 --- [         task-1] org.hibernate.type.BasicTypeRegistry     : Adding type registration java.lang.String -> org.hibernate.type.StringType@6107c075
2020-06-15 12:10:34.485 DEBUG 50475 --- [         task-1] org.hibernate.type.BasicTypeRegistry     : Adding type registration nstring -> org.hibernate.type.StringNVarcharType@1bebf406
2020-06-15 12:10:34.486 DEBUG 50475 --- [         task-1] org.hibernate.type.BasicTypeRegistry     : Adding type registration ncharacter -> org.hibernate.type.CharacterNCharType@771fde7f
2020-06-15 12:10:34.490 DEBUG 50475 --- [         task-1] org.hibernate.type.BasicTypeRegistry     : Adding type registration url -> org.hibernate.type.UrlType@57b1bf87
2020-06-15 12:10:34.490 DEBUG 50475 --- [         task-1] org.hibernate.type.BasicTypeRegistry     : Adding type registration java.net.URL -> org.hibernate.type.UrlType@57b1bf87
2020-06-15 12:10:34.492 DEBUG 50475 --- [         task-1] org.hibernate.type.BasicTypeRegistry     : Adding type registration Duration -> org.hibernate.type.DurationType@fe6ea77
2020-06-15 12:10:34.493 DEBUG 50475 --- [         task-1] org.hibernate.type.BasicTypeRegistry     : Adding type registration java.time.Duration -> org.hibernate.type.DurationType@fe6ea77
2020-06-15 12:10:34.494 DEBUG 50475 --- [         task-1] org.hibernate.type.BasicTypeRegistry     : Adding type registration Instant -> org.hibernate.type.InstantType@7626a55a
2020-06-15 12:10:34.495 DEBUG 50475 --- [         task-1] org.hibernate.type.BasicTypeRegistry     : Adding type registration java.time.Instant -> org.hibernate.type.InstantType@7626a55a
2020-06-15 12:10:34.498 DEBUG 50475 --- [         task-1] org.hibernate.type.BasicTypeRegistry     : Adding type registration LocalDateTime -> org.hibernate.type.LocalDateTimeType@32bccc3c
2020-06-15 12:10:34.498 DEBUG 50475 --- [         task-1] org.hibernate.type.BasicTypeRegistry     : Adding type registration java.time.LocalDateTime -> org.hibernate.type.LocalDateTimeType@32bccc3c
2020-06-15 12:10:34.500 DEBUG 50475 --- [         task-1] org.hibernate.type.BasicTypeRegistry     : Adding type registration LocalDate -> org.hibernate.type.LocalDateType@5681f609
2020-06-15 12:10:34.501 DEBUG 50475 --- [         task-1] org.hibernate.type.BasicTypeRegistry     : Adding type registration java.time.LocalDate -> org.hibernate.type.LocalDateType@5681f609
2020-06-15 12:10:34.502 DEBUG 50475 --- [         task-1] org.hibernate.type.BasicTypeRegistry     : Adding type registration LocalTime -> org.hibernate.type.LocalTimeType@4f519ce0
2020-06-15 12:10:34.502 DEBUG 50475 --- [         task-1] org.hibernate.type.BasicTypeRegistry     : Adding type registration java.time.LocalTime -> org.hibernate.type.LocalTimeType@4f519ce0
2020-06-15 12:10:34.507 DEBUG 50475 --- [         task-1] org.hibernate.type.BasicTypeRegistry     : Adding type registration OffsetDateTime -> org.hibernate.type.OffsetDateTimeType@5803ebec
2020-06-15 12:10:34.507 DEBUG 50475 --- [         task-1] org.hibernate.type.BasicTypeRegistry     : Adding type registration java.time.OffsetDateTime -> org.hibernate.type.OffsetDateTimeType@5803ebec
2020-06-15 12:10:34.511 DEBUG 50475 --- [         task-1] org.hibernate.type.BasicTypeRegistry     : Adding type registration OffsetTime -> org.hibernate.type.OffsetTimeType@37571e4d
2020-06-15 12:10:34.511 DEBUG 50475 --- [         task-1] org.hibernate.type.BasicTypeRegistry     : Adding type registration java.time.OffsetTime -> org.hibernate.type.OffsetTimeType@37571e4d
2020-06-15 12:10:34.514 DEBUG 50475 --- [         task-1] org.hibernate.type.BasicTypeRegistry     : Adding type registration ZonedDateTime -> org.hibernate.type.ZonedDateTimeType@5d738668
2020-06-15 12:10:34.514 DEBUG 50475 --- [         task-1] org.hibernate.type.BasicTypeRegistry     : Adding type registration java.time.ZonedDateTime -> org.hibernate.type.ZonedDateTimeType@5d738668
2020-06-15 12:10:34.517 DEBUG 50475 --- [         task-1] org.hibernate.type.BasicTypeRegistry     : Adding type registration date -> org.hibernate.type.DateType@c9c1382
2020-06-15 12:10:34.517 DEBUG 50475 --- [         task-1] org.hibernate.type.BasicTypeRegistry     : Adding type registration java.sql.Date -> org.hibernate.type.DateType@c9c1382
2020-06-15 12:10:34.519 DEBUG 50475 --- [         task-1] org.hibernate.type.BasicTypeRegistry     : Adding type registration time -> org.hibernate.type.TimeType@3039f428
2020-06-15 12:10:34.520 DEBUG 50475 --- [         task-1] org.hibernate.type.BasicTypeRegistry     : Adding type registration java.sql.Time -> org.hibernate.type.TimeType@3039f428
2020-06-15 12:10:34.521 DEBUG 50475 --- [         task-1] org.hibernate.type.BasicTypeRegistry     : Adding type registration timestamp -> org.hibernate.type.TimestampType@6be6ad68
2020-06-15 12:10:34.521 DEBUG 50475 --- [         task-1] org.hibernate.type.BasicTypeRegistry     : Adding type registration java.sql.Timestamp -> org.hibernate.type.TimestampType@6be6ad68
2020-06-15 12:10:34.521 DEBUG 50475 --- [         task-1] org.hibernate.type.BasicTypeRegistry     : Adding type registration java.util.Date -> org.hibernate.type.TimestampType@6be6ad68
2020-06-15 12:10:34.523 DEBUG 50475 --- [         task-1] org.hibernate.type.BasicTypeRegistry     : Adding type registration dbtimestamp -> org.hibernate.type.DbTimestampType@51efdf1b
2020-06-15 12:10:34.524 DEBUG 50475 --- [         task-1] org.hibernate.type.BasicTypeRegistry     : Adding type registration calendar -> org.hibernate.type.CalendarType@7790e193
2020-06-15 12:10:34.525 DEBUG 50475 --- [         task-1] org.hibernate.type.BasicTypeRegistry     : Adding type registration java.util.Calendar -> org.hibernate.type.CalendarType@7790e193
2020-06-15 12:10:34.528 DEBUG 50475 --- [         task-1] org.hibernate.type.BasicTypeRegistry     : Adding type registration java.util.GregorianCalendar -> org.hibernate.type.CalendarType@7790e193
2020-06-15 12:10:34.530 DEBUG 50475 --- [         task-1] org.hibernate.type.BasicTypeRegistry     : Adding type registration calendar_date -> org.hibernate.type.CalendarDateType@70888bd3
2020-06-15 12:10:34.531 DEBUG 50475 --- [         task-1] org.hibernate.type.BasicTypeRegistry     : Adding type registration calendar_time -> org.hibernate.type.CalendarTimeType@7cccfc2d
2020-06-15 12:10:34.532 DEBUG 50475 --- [         task-1] org.hibernate.type.BasicTypeRegistry     : Adding type registration locale -> org.hibernate.type.LocaleType@3a57a567
2020-06-15 12:10:34.533 DEBUG 50475 --- [         task-1] org.hibernate.type.BasicTypeRegistry     : Adding type registration java.util.Locale -> org.hibernate.type.LocaleType@3a57a567
2020-06-15 12:10:34.535 DEBUG 50475 --- [         task-1] org.hibernate.type.BasicTypeRegistry     : Adding type registration currency -> org.hibernate.type.CurrencyType@aaaf6c0
2020-06-15 12:10:34.535 DEBUG 50475 --- [         task-1] org.hibernate.type.BasicTypeRegistry     : Adding type registration java.util.Currency -> org.hibernate.type.CurrencyType@aaaf6c0
2020-06-15 12:10:34.536 DEBUG 50475 --- [         task-1] org.hibernate.type.BasicTypeRegistry     : Adding type registration timezone -> org.hibernate.type.TimeZoneType@56e6e678
2020-06-15 12:10:34.537 DEBUG 50475 --- [         task-1] org.hibernate.type.BasicTypeRegistry     : Adding type registration java.util.TimeZone -> org.hibernate.type.TimeZoneType@56e6e678
2020-06-15 12:10:34.538 DEBUG 50475 --- [         task-1] org.hibernate.type.BasicTypeRegistry     : Adding type registration class -> org.hibernate.type.ClassType@18627f9b
2020-06-15 12:10:34.539 DEBUG 50475 --- [         task-1] org.hibernate.type.BasicTypeRegistry     : Adding type registration java.lang.Class -> org.hibernate.type.ClassType@18627f9b
2020-06-15 12:10:34.541 DEBUG 50475 --- [         task-1] org.hibernate.type.BasicTypeRegistry     : Adding type registration uuid-binary -> org.hibernate.type.UUIDBinaryType@7d315887
2020-06-15 12:10:34.541 DEBUG 50475 --- [         task-1] org.hibernate.type.BasicTypeRegistry     : Adding type registration java.util.UUID -> org.hibernate.type.UUIDBinaryType@7d315887
2020-06-15 12:10:34.542 DEBUG 50475 --- [         task-1] org.hibernate.type.BasicTypeRegistry     : Adding type registration uuid-char -> org.hibernate.type.UUIDCharType@64a77445
2020-06-15 12:10:34.544 DEBUG 50475 --- [         task-1] org.hibernate.type.BasicTypeRegistry     : Adding type registration binary -> org.hibernate.type.BinaryType@7e25ac8
2020-06-15 12:10:34.544 DEBUG 50475 --- [         task-1] org.hibernate.type.BasicTypeRegistry     : Adding type registration byte[] -> org.hibernate.type.BinaryType@7e25ac8
2020-06-15 12:10:34.544 DEBUG 50475 --- [         task-1] org.hibernate.type.BasicTypeRegistry     : Adding type registration [B -> org.hibernate.type.BinaryType@7e25ac8
2020-06-15 12:10:34.545 DEBUG 50475 --- [         task-1] org.hibernate.type.BasicTypeRegistry     : Adding type registration wrapper-binary -> org.hibernate.type.WrapperBinaryType@2b3586ca
2020-06-15 12:10:34.546 DEBUG 50475 --- [         task-1] org.hibernate.type.BasicTypeRegistry     : Adding type registration Byte[] -> org.hibernate.type.WrapperBinaryType@2b3586ca
2020-06-15 12:10:34.546 DEBUG 50475 --- [         task-1] org.hibernate.type.BasicTypeRegistry     : Adding type registration [Ljava.lang.Byte; -> org.hibernate.type.WrapperBinaryType@2b3586ca
2020-06-15 12:10:34.552 DEBUG 50475 --- [         task-1] org.hibernate.type.BasicTypeRegistry     : Adding type registration row_version -> org.hibernate.type.RowVersionType@2739bf86
2020-06-15 12:10:34.553 DEBUG 50475 --- [         task-1] org.hibernate.type.BasicTypeRegistry     : Adding type registration image -> org.hibernate.type.ImageType@159cb352
2020-06-15 12:10:34.555 DEBUG 50475 --- [         task-1] org.hibernate.type.BasicTypeRegistry     : Adding type registration characters -> org.hibernate.type.CharArrayType@1366392e
2020-06-15 12:10:34.555 DEBUG 50475 --- [         task-1] org.hibernate.type.BasicTypeRegistry     : Adding type registration char[] -> org.hibernate.type.CharArrayType@1366392e
2020-06-15 12:10:34.555 DEBUG 50475 --- [         task-1] org.hibernate.type.BasicTypeRegistry     : Adding type registration [C -> org.hibernate.type.CharArrayType@1366392e
2020-06-15 12:10:34.557 DEBUG 50475 --- [         task-1] org.hibernate.type.BasicTypeRegistry     : Adding type registration wrapper-characters -> org.hibernate.type.CharacterArrayType@625b094f
2020-06-15 12:10:34.557 DEBUG 50475 --- [         task-1] org.hibernate.type.BasicTypeRegistry     : Adding type registration [Ljava.lang.Character; -> org.hibernate.type.CharacterArrayType@625b094f
2020-06-15 12:10:34.557 DEBUG 50475 --- [         task-1] org.hibernate.type.BasicTypeRegistry     : Adding type registration Character[] -> org.hibernate.type.CharacterArrayType@625b094f
2020-06-15 12:10:34.558 DEBUG 50475 --- [         task-1] org.hibernate.type.BasicTypeRegistry     : Adding type registration text -> org.hibernate.type.TextType@68a18493
2020-06-15 12:10:34.559 DEBUG 50475 --- [         task-1] org.hibernate.type.BasicTypeRegistry     : Adding type registration ntext -> org.hibernate.type.NTextType@653ba8ad
2020-06-15 12:10:34.561 DEBUG 50475 --- [         task-1] org.hibernate.type.BasicTypeRegistry     : Adding type registration blob -> org.hibernate.type.BlobType@21f65c35
2020-06-15 12:10:34.561 DEBUG 50475 --- [         task-1] org.hibernate.type.BasicTypeRegistry     : Adding type registration java.sql.Blob -> org.hibernate.type.BlobType@21f65c35
2020-06-15 12:10:34.562 DEBUG 50475 --- [         task-1] org.hibernate.type.BasicTypeRegistry     : Adding type registration materialized_blob -> org.hibernate.type.MaterializedBlobType@f0c7a69
2020-06-15 12:10:34.564 DEBUG 50475 --- [         task-1] org.hibernate.type.BasicTypeRegistry     : Adding type registration clob -> org.hibernate.type.ClobType@449171a0
2020-06-15 12:10:34.564 DEBUG 50475 --- [         task-1] org.hibernate.type.BasicTypeRegistry     : Adding type registration java.sql.Clob -> org.hibernate.type.ClobType@449171a0
2020-06-15 12:10:34.566 DEBUG 50475 --- [         task-1] org.hibernate.type.BasicTypeRegistry     : Adding type registration nclob -> org.hibernate.type.NClobType@1d3584a0
2020-06-15 12:10:34.566 DEBUG 50475 --- [         task-1] org.hibernate.type.BasicTypeRegistry     : Adding type registration java.sql.NClob -> org.hibernate.type.NClobType@1d3584a0
2020-06-15 12:10:34.567 DEBUG 50475 --- [         task-1] org.hibernate.type.BasicTypeRegistry     : Adding type registration materialized_clob -> org.hibernate.type.MaterializedClobType@4ce5996
2020-06-15 12:10:34.568 DEBUG 50475 --- [         task-1] org.hibernate.type.BasicTypeRegistry     : Adding type registration materialized_nclob -> org.hibernate.type.MaterializedNClobType@15aa4572
2020-06-15 12:10:34.570 DEBUG 50475 --- [         task-1] org.hibernate.type.BasicTypeRegistry     : Adding type registration serializable -> org.hibernate.type.SerializableType@29f8eb10
2020-06-15 12:10:34.576 DEBUG 50475 --- [         task-1] org.hibernate.type.BasicTypeRegistry     : Adding type registration object -> org.hibernate.type.ObjectType@2075593f
2020-06-15 12:10:34.576 DEBUG 50475 --- [         task-1] org.hibernate.type.BasicTypeRegistry     : Adding type registration java.lang.Object -> org.hibernate.type.ObjectType@2075593f
2020-06-15 12:10:34.577 DEBUG 50475 --- [         task-1] org.hibernate.type.BasicTypeRegistry     : Adding type registration imm_date -> org.hibernate.type.AdaptedImmutableType@2b36d3c2
2020-06-15 12:10:34.577 DEBUG 50475 --- [         task-1] org.hibernate.type.BasicTypeRegistry     : Adding type registration imm_time -> org.hibernate.type.AdaptedImmutableType@2180cb3a
2020-06-15 12:10:34.577 DEBUG 50475 --- [         task-1] org.hibernate.type.BasicTypeRegistry     : Adding type registration imm_timestamp -> org.hibernate.type.AdaptedImmutableType@1202174c
2020-06-15 12:10:34.577 DEBUG 50475 --- [         task-1] org.hibernate.type.BasicTypeRegistry     : Adding type registration imm_dbtimestamp -> org.hibernate.type.AdaptedImmutableType@4ce255ab
2020-06-15 12:10:34.577 DEBUG 50475 --- [         task-1] org.hibernate.type.BasicTypeRegistry     : Adding type registration imm_calendar -> org.hibernate.type.AdaptedImmutableType@51d73736
2020-06-15 12:10:34.577 DEBUG 50475 --- [         task-1] org.hibernate.type.BasicTypeRegistry     : Adding type registration imm_calendar_date -> org.hibernate.type.AdaptedImmutableType@7629ef2d
2020-06-15 12:10:34.577 DEBUG 50475 --- [         task-1] org.hibernate.type.BasicTypeRegistry     : Adding type registration imm_binary -> org.hibernate.type.AdaptedImmutableType@74133ed3
2020-06-15 12:10:34.578 DEBUG 50475 --- [         task-1] org.hibernate.type.BasicTypeRegistry     : Adding type registration imm_serializable -> org.hibernate.type.AdaptedImmutableType@2a0272f7
2020-06-15 12:10:34.716  INFO 50475 --- [         task-1] org.hibernate.dialect.Dialect            : HHH000400: Using dialect: org.hibernate.dialect.H2Dialect
2020-06-15 12:10:34.835 DEBUG 50475 --- [         task-1] o.h.type.spi.TypeConfiguration$Scope     : Scoping TypeConfiguration [org.hibernate.type.spi.TypeConfiguration@341da56d] to MetadataBuildingContext [org.hibernate.boot.internal.MetadataBuildingContextRootImpl@1697b5d6]
2020-06-15 12:10:34.954  INFO 50475 --- [    Test worker] o.s.b.a.w.s.WelcomePageHandlerMapping    : Adding welcome page: class path resource [static/index.html]
2020-06-15 12:10:35.071  WARN 50475 --- [         task-1] org.hibernate.cfg.AnnotationBinder       : HHH000457: Joined inheritance hierarchy [jpabook.jpashop.domain.item.Item] defined explicit @DiscriminatorColumn.  Legacy Hibernate behavior was to ignore the @DiscriminatorColumn.  However, as part of issue HHH-6911 we now apply the explicit @DiscriminatorColumn.  If you would prefer the legacy behavior, enable the `hibernate.discriminator.ignore_explicit_for_joined` setting (hibernate.discriminator.ignore_explicit_for_joined=true)
2020-06-15 12:10:35.073  WARN 50475 --- [         task-1] org.hibernate.cfg.AnnotationBinder       : HHH000133: Discriminator column has to be defined in the root entity, it will be ignored in subclass: jpabook.jpashop.domain.item.Album
2020-06-15 12:10:35.077  WARN 50475 --- [         task-1] org.hibernate.cfg.AnnotationBinder       : HHH000133: Discriminator column has to be defined in the root entity, it will be ignored in subclass: jpabook.jpashop.domain.item.Book
2020-06-15 12:10:35.079  WARN 50475 --- [         task-1] org.hibernate.cfg.AnnotationBinder       : HHH000133: Discriminator column has to be defined in the root entity, it will be ignored in subclass: jpabook.jpashop.domain.item.Movie
2020-06-15 12:10:35.162 DEBUG 50475 --- [         task-1] org.hibernate.type.EnumType              : Using NAMED-based conversion for Enum jpabook.jpashop.domain.DeliveryStatus
2020-06-15 12:10:35.166 DEBUG 50475 --- [         task-1] org.hibernate.type.EnumType              : Using NAMED-based conversion for Enum jpabook.jpashop.domain.OrderStatus
2020-06-15 12:10:35.256 DEBUG 50475 --- [         task-1] org.hibernate.type.EnumType              : Using NAMED-based conversion for Enum jpabook.jpashop.domain.DeliveryStatus
2020-06-15 12:10:35.258 DEBUG 50475 --- [         task-1] org.hibernate.type.EnumType              : Using NAMED-based conversion for Enum jpabook.jpashop.domain.OrderStatus
2020-06-15 12:10:35.300 DEBUG 50475 --- [         task-1] o.h.type.spi.TypeConfiguration$Scope     : Scoping TypeConfiguration [org.hibernate.type.spi.TypeConfiguration@341da56d] to SessionFactoryImpl [org.hibernate.internal.SessionFactoryImpl@266319a8]
2020-06-15 12:10:35.405  INFO 50475 --- [    Test worker] DeferredRepositoryInitializationListener : Triggering deferred initialization of Spring Data repositories…
2020-06-15 12:10:35.406  INFO 50475 --- [    Test worker] DeferredRepositoryInitializationListener : Spring Data repositories initialized!
2020-06-15 12:10:35.418  INFO 50475 --- [    Test worker] jpabook.jpashop.JpashopApplicationTests  : Started JpashopApplicationTests in 3.773 seconds (JVM running for 4.972)
]]></system-out>
  <system-err><![CDATA[]]></system-err>
</testsuite>
